c:\users\daniel\source\repos\keylogger\keylogger\x64\debug\keylogger.pch
c:\users\daniel\source\repos\keylogger\keylogger\x64\debug\vc142.pdb
c:\users\daniel\source\repos\keylogger\keylogger\x64\debug\pch.obj
c:\users\daniel\source\repos\keylogger\keylogger\x64\debug\keylogger.obj
c:\users\daniel\source\repos\keylogger\keylogger\x64\debug\log.obj
c:\users\daniel\source\repos\keylogger\x64\debug\keylogger.sys
c:\users\daniel\source\repos\keylogger\x64\debug\keylogger.pdb
c:\users\daniel\source\repos\keylogger\x64\debug\keylogger\keylogger.cat
c:\users\daniel\source\repos\keylogger\keylogger\x64\debug\keylogger.inf
c:\users\daniel\source\repos\keylogger\x64\debug\keylogger.cer
c:\users\daniel\source\repos\keylogger\x64\debug\keylogger.inf
c:\users\daniel\source\repos\keylogger\keylogger\x64\debug\keylogger.tlog\cl.command.1.tlog
c:\users\daniel\source\repos\keylogger\keylogger\x64\debug\keylogger.tlog\cl.read.1.tlog
c:\users\daniel\source\repos\keylogger\keylogger\x64\debug\keylogger.tlog\cl.write.1.tlog
c:\users\daniel\source\repos\keylogger\keylogger\x64\debug\keylogger.tlog\inf2cat-expand.10080.read.1.tlog
c:\users\daniel\source\repos\keylogger\keylogger\x64\debug\keylogger.tlog\inf2cat-expand.10080.write.1.tlog
c:\users\daniel\source\repos\keylogger\keylogger\x64\debug\keylogger.tlog\inf2cat-expand.11284.read.1.tlog
c:\users\daniel\source\repos\keylogger\keylogger\x64\debug\keylogger.tlog\inf2cat-expand.11284.write.1.tlog
c:\users\daniel\source\repos\keylogger\keylogger\x64\debug\keylogger.tlog\inf2cat-expand.11940.read.1.tlog
c:\users\daniel\source\repos\keylogger\keylogger\x64\debug\keylogger.tlog\inf2cat-expand.11940.write.1.tlog
c:\users\daniel\source\repos\keylogger\keylogger\x64\debug\keylogger.tlog\inf2cat-expand.12124.read.1.tlog
c:\users\daniel\source\repos\keylogger\keylogger\x64\debug\keylogger.tlog\inf2cat-expand.12124.write.1.tlog
c:\users\daniel\source\repos\keylogger\keylogger\x64\debug\keylogger.tlog\inf2cat-expand.12136.read.1.tlog
c:\users\daniel\source\repos\keylogger\keylogger\x64\debug\keylogger.tlog\inf2cat-expand.12136.write.1.tlog
c:\users\daniel\source\repos\keylogger\keylogger\x64\debug\keylogger.tlog\inf2cat-expand.12588.read.1.tlog
c:\users\daniel\source\repos\keylogger\keylogger\x64\debug\keylogger.tlog\inf2cat-expand.12588.write.1.tlog
c:\users\daniel\source\repos\keylogger\keylogger\x64\debug\keylogger.tlog\inf2cat-expand.12696.read.1.tlog
c:\users\daniel\source\repos\keylogger\keylogger\x64\debug\keylogger.tlog\inf2cat-expand.12696.write.1.tlog
c:\users\daniel\source\repos\keylogger\keylogger\x64\debug\keylogger.tlog\inf2cat-expand.12744.read.1.tlog
c:\users\daniel\source\repos\keylogger\keylogger\x64\debug\keylogger.tlog\inf2cat-expand.12744.write.1.tlog
c:\users\daniel\source\repos\keylogger\keylogger\x64\debug\keylogger.tlog\inf2cat-expand.12792.read.1.tlog
c:\users\daniel\source\repos\keylogger\keylogger\x64\debug\keylogger.tlog\inf2cat-expand.12792.write.1.tlog
c:\users\daniel\source\repos\keylogger\keylogger\x64\debug\keylogger.tlog\inf2cat-expand.13640.read.1.tlog
c:\users\daniel\source\repos\keylogger\keylogger\x64\debug\keylogger.tlog\inf2cat-expand.13640.write.1.tlog
c:\users\daniel\source\repos\keylogger\keylogger\x64\debug\keylogger.tlog\inf2cat-expand.13816.read.1.tlog
c:\users\daniel\source\repos\keylogger\keylogger\x64\debug\keylogger.tlog\inf2cat-expand.13816.write.1.tlog
c:\users\daniel\source\repos\keylogger\keylogger\x64\debug\keylogger.tlog\inf2cat-expand.13976.read.1.tlog
c:\users\daniel\source\repos\keylogger\keylogger\x64\debug\keylogger.tlog\inf2cat-expand.13976.write.1.tlog
c:\users\daniel\source\repos\keylogger\keylogger\x64\debug\keylogger.tlog\inf2cat-expand.14372.read.1.tlog
c:\users\daniel\source\repos\keylogger\keylogger\x64\debug\keylogger.tlog\inf2cat-expand.14372.write.1.tlog
c:\users\daniel\source\repos\keylogger\keylogger\x64\debug\keylogger.tlog\inf2cat-expand.14416.read.1.tlog
c:\users\daniel\source\repos\keylogger\keylogger\x64\debug\keylogger.tlog\inf2cat-expand.14416.write.1.tlog
c:\users\daniel\source\repos\keylogger\keylogger\x64\debug\keylogger.tlog\inf2cat-expand.148.read.1.tlog
c:\users\daniel\source\repos\keylogger\keylogger\x64\debug\keylogger.tlog\inf2cat-expand.148.write.1.tlog
c:\users\daniel\source\repos\keylogger\keylogger\x64\debug\keylogger.tlog\inf2cat-expand.14812.read.1.tlog
c:\users\daniel\source\repos\keylogger\keylogger\x64\debug\keylogger.tlog\inf2cat-expand.14812.write.1.tlog
c:\users\daniel\source\repos\keylogger\keylogger\x64\debug\keylogger.tlog\inf2cat-expand.15488.read.1.tlog
c:\users\daniel\source\repos\keylogger\keylogger\x64\debug\keylogger.tlog\inf2cat-expand.15488.write.1.tlog
c:\users\daniel\source\repos\keylogger\keylogger\x64\debug\keylogger.tlog\inf2cat-expand.15608.read.1.tlog
c:\users\daniel\source\repos\keylogger\keylogger\x64\debug\keylogger.tlog\inf2cat-expand.15608.write.1.tlog
c:\users\daniel\source\repos\keylogger\keylogger\x64\debug\keylogger.tlog\inf2cat-expand.15752.read.1.tlog
c:\users\daniel\source\repos\keylogger\keylogger\x64\debug\keylogger.tlog\inf2cat-expand.15752.write.1.tlog
c:\users\daniel\source\repos\keylogger\keylogger\x64\debug\keylogger.tlog\inf2cat-expand.16000.read.1.tlog
c:\users\daniel\source\repos\keylogger\keylogger\x64\debug\keylogger.tlog\inf2cat-expand.16000.write.1.tlog
c:\users\daniel\source\repos\keylogger\keylogger\x64\debug\keylogger.tlog\inf2cat-expand.16520.read.1.tlog
c:\users\daniel\source\repos\keylogger\keylogger\x64\debug\keylogger.tlog\inf2cat-expand.16520.write.1.tlog
c:\users\daniel\source\repos\keylogger\keylogger\x64\debug\keylogger.tlog\inf2cat-expand.16668.read.1.tlog
c:\users\daniel\source\repos\keylogger\keylogger\x64\debug\keylogger.tlog\inf2cat-expand.16668.write.1.tlog
c:\users\daniel\source\repos\keylogger\keylogger\x64\debug\keylogger.tlog\inf2cat-expand.16720.read.1.tlog
c:\users\daniel\source\repos\keylogger\keylogger\x64\debug\keylogger.tlog\inf2cat-expand.16720.write.1.tlog
c:\users\daniel\source\repos\keylogger\keylogger\x64\debug\keylogger.tlog\inf2cat-expand.16812.read.1.tlog
c:\users\daniel\source\repos\keylogger\keylogger\x64\debug\keylogger.tlog\inf2cat-expand.16812.write.1.tlog
c:\users\daniel\source\repos\keylogger\keylogger\x64\debug\keylogger.tlog\inf2cat-expand.16964.read.1.tlog
c:\users\daniel\source\repos\keylogger\keylogger\x64\debug\keylogger.tlog\inf2cat-expand.16964.write.1.tlog
c:\users\daniel\source\repos\keylogger\keylogger\x64\debug\keylogger.tlog\inf2cat-expand.17008.read.1.tlog
c:\users\daniel\source\repos\keylogger\keylogger\x64\debug\keylogger.tlog\inf2cat-expand.17008.write.1.tlog
c:\users\daniel\source\repos\keylogger\keylogger\x64\debug\keylogger.tlog\inf2cat-expand.17496.read.1.tlog
c:\users\daniel\source\repos\keylogger\keylogger\x64\debug\keylogger.tlog\inf2cat-expand.17496.write.1.tlog
c:\users\daniel\source\repos\keylogger\keylogger\x64\debug\keylogger.tlog\inf2cat-expand.17528.read.1.tlog
c:\users\daniel\source\repos\keylogger\keylogger\x64\debug\keylogger.tlog\inf2cat-expand.17528.write.1.tlog
c:\users\daniel\source\repos\keylogger\keylogger\x64\debug\keylogger.tlog\inf2cat-expand.17716.read.1.tlog
c:\users\daniel\source\repos\keylogger\keylogger\x64\debug\keylogger.tlog\inf2cat-expand.17716.write.1.tlog
c:\users\daniel\source\repos\keylogger\keylogger\x64\debug\keylogger.tlog\inf2cat-expand.18012.read.1.tlog
c:\users\daniel\source\repos\keylogger\keylogger\x64\debug\keylogger.tlog\inf2cat-expand.18012.write.1.tlog
c:\users\daniel\source\repos\keylogger\keylogger\x64\debug\keylogger.tlog\inf2cat-expand.18200.read.1.tlog
c:\users\daniel\source\repos\keylogger\keylogger\x64\debug\keylogger.tlog\inf2cat-expand.18200.write.1.tlog
c:\users\daniel\source\repos\keylogger\keylogger\x64\debug\keylogger.tlog\inf2cat-expand.18316.read.1.tlog
c:\users\daniel\source\repos\keylogger\keylogger\x64\debug\keylogger.tlog\inf2cat-expand.18316.write.1.tlog
c:\users\daniel\source\repos\keylogger\keylogger\x64\debug\keylogger.tlog\inf2cat-expand.18960.read.1.tlog
c:\users\daniel\source\repos\keylogger\keylogger\x64\debug\keylogger.tlog\inf2cat-expand.18960.write.1.tlog
c:\users\daniel\source\repos\keylogger\keylogger\x64\debug\keylogger.tlog\inf2cat-expand.18968.read.1.tlog
c:\users\daniel\source\repos\keylogger\keylogger\x64\debug\keylogger.tlog\inf2cat-expand.18968.write.1.tlog
c:\users\daniel\source\repos\keylogger\keylogger\x64\debug\keylogger.tlog\inf2cat-expand.19352.read.1.tlog
c:\users\daniel\source\repos\keylogger\keylogger\x64\debug\keylogger.tlog\inf2cat-expand.19352.write.1.tlog
c:\users\daniel\source\repos\keylogger\keylogger\x64\debug\keylogger.tlog\inf2cat-expand.19356.read.1.tlog
c:\users\daniel\source\repos\keylogger\keylogger\x64\debug\keylogger.tlog\inf2cat-expand.19356.write.1.tlog
c:\users\daniel\source\repos\keylogger\keylogger\x64\debug\keylogger.tlog\inf2cat-expand.19392.read.1.tlog
c:\users\daniel\source\repos\keylogger\keylogger\x64\debug\keylogger.tlog\inf2cat-expand.19392.write.1.tlog
c:\users\daniel\source\repos\keylogger\keylogger\x64\debug\keylogger.tlog\inf2cat-expand.2456.read.1.tlog
c:\users\daniel\source\repos\keylogger\keylogger\x64\debug\keylogger.tlog\inf2cat-expand.2456.write.1.tlog
c:\users\daniel\source\repos\keylogger\keylogger\x64\debug\keylogger.tlog\inf2cat-expand.4228.read.1.tlog
c:\users\daniel\source\repos\keylogger\keylogger\x64\debug\keylogger.tlog\inf2cat-expand.4228.write.1.tlog
c:\users\daniel\source\repos\keylogger\keylogger\x64\debug\keylogger.tlog\inf2cat-expand.4868.read.1.tlog
c:\users\daniel\source\repos\keylogger\keylogger\x64\debug\keylogger.tlog\inf2cat-expand.4868.write.1.tlog
c:\users\daniel\source\repos\keylogger\keylogger\x64\debug\keylogger.tlog\inf2cat-expand.564.read.1.tlog
c:\users\daniel\source\repos\keylogger\keylogger\x64\debug\keylogger.tlog\inf2cat-expand.564.write.1.tlog
c:\users\daniel\source\repos\keylogger\keylogger\x64\debug\keylogger.tlog\inf2cat-expand.6056.read.1.tlog
c:\users\daniel\source\repos\keylogger\keylogger\x64\debug\keylogger.tlog\inf2cat-expand.6056.write.1.tlog
c:\users\daniel\source\repos\keylogger\keylogger\x64\debug\keylogger.tlog\inf2cat-expand.7816.read.1.tlog
c:\users\daniel\source\repos\keylogger\keylogger\x64\debug\keylogger.tlog\inf2cat-expand.7816.write.1.tlog
c:\users\daniel\source\repos\keylogger\keylogger\x64\debug\keylogger.tlog\inf2cat-expand.8860.read.1.tlog
c:\users\daniel\source\repos\keylogger\keylogger\x64\debug\keylogger.tlog\inf2cat-expand.8860.write.1.tlog
c:\users\daniel\source\repos\keylogger\keylogger\x64\debug\keylogger.tlog\inf2cat-expand.read.1.tlog
c:\users\daniel\source\repos\keylogger\keylogger\x64\debug\keylogger.tlog\inf2cat-expand.write.1.tlog
c:\users\daniel\source\repos\keylogger\keylogger\x64\debug\keylogger.tlog\inf2cat.command.1.tlog
c:\users\daniel\source\repos\keylogger\keylogger\x64\debug\keylogger.tlog\inf2cat.read.1.tlog
c:\users\daniel\source\repos\keylogger\keylogger\x64\debug\keylogger.tlog\inf2cat.read.8.tlog
c:\users\daniel\source\repos\keylogger\keylogger\x64\debug\keylogger.tlog\inf2cat.write.1.tlog
c:\users\daniel\source\repos\keylogger\keylogger\x64\debug\keylogger.tlog\inf2cat.write.8.tlog
c:\users\daniel\source\repos\keylogger\keylogger\x64\debug\keylogger.tlog\link.command.1.tlog
c:\users\daniel\source\repos\keylogger\keylogger\x64\debug\keylogger.tlog\link.read.1.tlog
c:\users\daniel\source\repos\keylogger\keylogger\x64\debug\keylogger.tlog\link.write.1.tlog
c:\users\daniel\source\repos\keylogger\keylogger\x64\debug\keylogger.tlog\signtool.command.1.tlog
c:\users\daniel\source\repos\keylogger\keylogger\x64\debug\keylogger.tlog\signtool.read.1.tlog
c:\users\daniel\source\repos\keylogger\keylogger\x64\debug\keylogger.tlog\signtool.timestamp.1.tlog
c:\users\daniel\source\repos\keylogger\keylogger\x64\debug\keylogger.tlog\signtool.write.1.tlog
c:\users\daniel\source\repos\keylogger\keylogger\x64\debug\keylogger.tlog\stampinf.command.1.tlog
c:\users\daniel\source\repos\keylogger\keylogger\x64\debug\keylogger.tlog\stampinf.read.1.tlog
c:\users\daniel\source\repos\keylogger\keylogger\x64\debug\keylogger.tlog\stampinf.write.1.tlog
